<?xml version="1.0" encoding="UTF-8"?>
<!-- Generated by org.testng.reporters.JUnitReportReporter -->
<testsuite skipped="0" hostname="DESKTOP-VUTV3O0" name="userManagement.OrangeTask.SystemUsers" tests="4" failures="0" timestamp="08 Dec 2018 12:40:50 GMT" time="9.754" errors="0">
  <testcase name="userLogin" time="2.227" classname="userManagement.OrangeTask.SystemUsers"/>
  <testcase name="openSysUsersPage" time="3.685" classname="userManagement.OrangeTask.SystemUsers"/>
  <testcase name="searchForUser" time="1.095" classname="userManagement.OrangeTask.SystemUsers"/>
  <testcase name="closeBrowser" time="2.747" classname="userManagement.OrangeTask.SystemUsers"/>
</testsuite> <!-- userManagement.OrangeTask.SystemUsers -->
